<?xml version="1.0" encoding="UTF-8"?>
<coverage generated="1653375958189" clover="3.2.0">
  <project timestamp="1653375958189" name="All files">
    <metrics statements="37" coveredstatements="19" conditionals="3" coveredconditionals="0" methods="17" coveredmethods="9" elements="57" coveredelements="28" complexity="0" loc="37" ncloc="37" packages="1" files="5" classes="5"/>
    <file name="Extract.ts" path="D:\git\ps1_ts\src\Extract.ts">
      <metrics statements="3" coveredstatements="3" conditionals="0" coveredconditionals="0" methods="2" coveredmethods="2"/>
      <line num="9" count="1" type="stmt"/>
      <line num="17" count="1" type="stmt"/>
      <line num="36" count="1" type="stmt"/>
    </file>
    <file name="Filter.ts" path="D:\git\ps1_ts\src\Filter.ts">
      <metrics statements="4" coveredstatements="4" conditionals="0" coveredconditionals="0" methods="3" coveredmethods="3"/>
      <line num="11" count="1" type="stmt"/>
      <line num="24" count="1" type="stmt"/>
      <line num="38" count="1" type="stmt"/>
      <line num="42" count="1" type="stmt"/>
    </file>
    <file name="SocialNetwork.ts" path="D:\git\ps1_ts\src\SocialNetwork.ts">
      <metrics statements="3" coveredstatements="3" conditionals="0" coveredconditionals="0" methods="2" coveredmethods="2"/>
      <line num="11" count="1" type="stmt"/>
      <line num="26" count="1" type="stmt"/>
      <line num="37" count="1" type="stmt"/>
    </file>
    <file name="Timespan.ts" path="D:\git\ps1_ts\src\Timespan.ts">
      <metrics statements="15" coveredstatements="4" conditionals="3" coveredconditionals="0" methods="6" coveredmethods="1"/>
      <line num="14" count="1" type="stmt"/>
      <line num="19" count="1" type="cond" truecount="0" falsecount="1"/>
      <line num="20" count="0" type="stmt"/>
      <line num="22" count="1" type="stmt"/>
      <line num="23" count="1" type="stmt"/>
      <line num="27" count="0" type="stmt"/>
      <line num="31" count="0" type="stmt"/>
      <line num="35" count="0" type="stmt"/>
      <line num="39" count="0" type="stmt"/>
      <line num="46" count="0" type="stmt"/>
      <line num="47" count="0" type="stmt"/>
      <line num="48" count="0" type="stmt"/>
      <line num="49" count="0" type="stmt"/>
      <line num="50" count="0" type="stmt"/>
      <line num="51" count="0" type="stmt"/>
    </file>
    <file name="Tweet.ts" path="D:\git\ps1_ts\src\Tweet.ts">
      <metrics statements="12" coveredstatements="5" conditionals="0" coveredconditionals="0" methods="4" coveredmethods="1"/>
      <line num="2" count="2" type="stmt"/>
      <line num="14" count="4" type="stmt"/>
      <line num="15" count="4" type="stmt"/>
      <line num="16" count="4" type="stmt"/>
      <line num="17" count="4" type="stmt"/>
      <line num="21" count="0" type="stmt"/>
      <line num="22" count="0" type="stmt"/>
      <line num="26" count="0" type="stmt"/>
      <line num="30" count="0" type="stmt"/>
      <line num="31" count="0" type="stmt"/>
      <line num="32" count="0" type="stmt"/>
      <line num="33" count="0" type="stmt"/>
    </file>
  </project>
</coverage>
